temple2/build/intermediates/manifest_merge_blame_file/debug/manifest-merger-blame-debug-report.txt
1<?xml version="1.0" encoding="utf-8"?>
2<manifest xmlns:android="http://schemas.android.com/apk/res/android"
3    package="com.dds.temple2" >
4
5    <uses-sdk android:minSdkVersion="21" />
5-->src\main\AndroidManifest.xml
6
7    <uses-permission android:name="android.permission.ACCESS_NETWORK_STATE" />
7-->src\main\AndroidManifest.xml:4:5-79
7-->src\main\AndroidManifest.xml:4:22-76
8    <uses-permission android:name="android.permission.BLUETOOTH" />
8-->src\main\AndroidManifest.xml:5:5-68
8-->src\main\AndroidManifest.xml:5:22-65
9    <uses-permission android:name="android.permission.BLUETOOTH_ADMIN" />
9-->src\main\AndroidManifest.xml:6:5-74
9-->src\main\AndroidManifest.xml:6:22-71
10
11    <application>
11-->src\main\AndroidManifest.xml:8:5-15:19
12        <activity
12-->src\main\AndroidManifest.xml:9:9-11:40
13            android:name="com.dds.temple2.ConnectMultiActivity"
13-->src\main\AndroidManifest.xml:10:13-49
14            android:exported="false" />
14-->src\main\AndroidManifest.xml:11:13-37
15        <activity
15-->src\main\AndroidManifest.xml:12:9-14:40
16            android:name="com.dds.temple2.Temple2Activity"
16-->src\main\AndroidManifest.xml:13:13-44
17            android:exported="false" />
17-->src\main\AndroidManifest.xml:14:13-37
18    </application>
19
20</manifest>